<?xml version="1.0" encoding="UTF-8"?>
<testng-results skipped="0" failed="0" ignored="0" total="1" passed="1">
  <reporter-output>
  </reporter-output>
  <suite name="Test Suite - Ryanair_Android Test" duration-ms="208280" started-at="2019-02-24T12:46:02Z" finished-at="2019-02-24T12:49:31Z">
    <groups>
    </groups>
    <test name="Test over Moto G5 Plus" duration-ms="208280" started-at="2019-02-24T12:46:02Z" finished-at="2019-02-24T12:49:31Z">
      <class name="demo.Ryanair_Demo">
        <test-method status="PASS" signature="beforeTest(java.lang.String, java.lang.String, java.lang.String, java.lang.String, java.lang.String, java.lang.String)[pri:0, instance:demo.Ryanair_Demo@7cbd213e]" name="beforeTest" is-config="true" duration-ms="27877" started-at="2019-02-24T13:46:02Z" finished-at="2019-02-24T13:46:30Z">
          <params>
            <param index="0">
              <value>
                <![CDATA[ZY2243K7H4]]>
              </value>
            </param>
            <param index="1">
              <value>
                <![CDATA[XT1685]]>
              </value>
            </param>
            <param index="2">
              <value>
                <![CDATA[8.1.0]]>
              </value>
            </param>
            <param index="3">
              <value>
                <![CDATA[Android]]>
              </value>
            </param>
            <param index="4">
              <value>
                <![CDATA[127.0.0.1]]>
              </value>
            </param>
            <param index="5">
              <value>
                <![CDATA[5000]]>
              </value>
            </param>
          </params>
          <reporter-output>
          </reporter-output>
        </test-method> <!-- beforeTest -->
        <test-method status="PASS" signature="launchApplication()[pri:0, instance:demo.Ryanair_Demo@7cbd213e]" name="launchApplication" duration-ms="178290" started-at="2019-02-24T13:46:30Z" finished-at="2019-02-24T13:49:29Z">
          <reporter-output>
          </reporter-output>
        </test-method> <!-- launchApplication -->
        <test-method status="PASS" signature="afterTest()[pri:0, instance:demo.Ryanair_Demo@7cbd213e]" name="afterTest" is-config="true" duration-ms="2086" started-at="2019-02-24T13:49:29Z" finished-at="2019-02-24T13:49:31Z">
          <reporter-output>
          </reporter-output>
        </test-method> <!-- afterTest -->
      </class> <!-- demo.Ryanair_Demo -->
    </test> <!-- Test over Moto G5 Plus -->
  </suite> <!-- Test Suite - Ryanair_Android Test -->
</testng-results>
